Determining if the pthread_create exist failed with the following output:
Change Dir: /home/cs18/Desktop/assignment8/build/CMakeFiles/CMakeTmp

Run Build Command:"/usr/bin/ninja" "cmTC_6382e"
[1/2] Building C object CMakeFiles/cmTC_6382e.dir/CheckSymbolExists.c.o
[2/2] Linking C executable cmTC_6382e
FAILED: cmTC_6382e 
: && /usr/bin/gcc-7   -rdynamic CMakeFiles/cmTC_6382e.dir/CheckSymbolExists.c.o  -o cmTC_6382e   && :
CMakeFiles/cmTC_6382e.dir/CheckSymbolExists.c.o: In function `main':
CheckSymbolExists.c:(.text+0x1b): undefined reference to `pthread_create'
collect2: error: ld returned 1 exit status
ninja: build stopped: subcommand failed.

File /home/cs18/Desktop/assignment8/build/CMakeFiles/CMakeTmp/CheckSymbolExists.c:
/* */
#include <pthread.h>

int main(int argc, char** argv)
{
  (void)argv;
#ifndef pthread_create
  return ((int*)(&pthread_create))[argc];
#else
  (void)argc;
  return 0;
#endif
}

Determining if the function pthread_create exists in the pthreads failed with the following output:
Change Dir: /home/cs18/Desktop/assignment8/build/CMakeFiles/CMakeTmp

Run Build Command:"/usr/bin/ninja" "cmTC_5bb2e"
[1/2] Building C object CMakeFiles/cmTC_5bb2e.dir/CheckFunctionExists.c.o
[2/2] Linking C executable cmTC_5bb2e
FAILED: cmTC_5bb2e 
: && /usr/bin/gcc-7 -DCHECK_FUNCTION_EXISTS=pthread_create  -rdynamic CMakeFiles/cmTC_5bb2e.dir/CheckFunctionExists.c.o  -o cmTC_5bb2e  -lpthreads && :
/usr/bin/ld: cannot find -lpthreads
collect2: error: ld returned 1 exit status
ninja: build stopped: subcommand failed.


Determining if the function glXGetProcAddressEXT exists failed with the following output:
Change Dir: /home/cs18/Desktop/assignment8/build/CMakeFiles/CMakeTmp

Run Build Command:"/usr/bin/ninja" "cmTC_a4653"
[1/2] Building C object CMakeFiles/cmTC_a4653.dir/CheckFunctionExists.c.o
[2/2] Linking C executable cmTC_a4653
FAILED: cmTC_a4653 
: && /usr/bin/gcc-7 -DCHECK_FUNCTION_EXISTS=glXGetProcAddressEXT  -rdynamic CMakeFiles/cmTC_a4653.dir/CheckFunctionExists.c.o  -o cmTC_a4653  /usr/lib/x86_64-linux-gnu/libGL.so && :
CMakeFiles/cmTC_a4653.dir/CheckFunctionExists.c.o: In function `main':
CheckFunctionExists.c:(.text+0x10): undefined reference to `glXGetProcAddressEXT'
collect2: error: ld returned 1 exit status
ninja: build stopped: subcommand failed.


